Log: Log file open, 12/02/24 20:04:13
Init: Name subsystem initialized
Init: Detected: Microsoft Windows NT 6.2 (Build: 9200)
Init: Version: 3369 (128.29)
Init: Compiled: Nov 23 2005 16:23:34
Init: Command line: 
Init: Character set: Unicode
Init: Base directory: G:\LumpysInvasionServer\UT2004\LumpysInvasionServer-1.0\System\
Init: Ini:UT2004.ini   UserIni:User.ini
Init: Build label: Build UT2004_Build_[2005-11-23_16.22]
Init: Object subsystem initialized
Log: Failed to load 'LumpysInvasion': Can't find file 'LumpysInvasion'
Critical: Can't find edit package 'LumpysInvasion'
Critical: Windows GetLastError: The system cannot find the path specified. (3)
Exit: Executing UObject::StaticShutdownAfterError
Log: Waiting for file streaming thread to finish...
Exit: OpenAL Audio subsystem shut down.
Critical: UEditorEngine::Init
Critical: UUnrealEdEngine::Init
Critical: InitEngine
Localization: No localization: Window.IDDIALOG_CrashBox.IDC_CrashBox (int)
Critical: Error reentered: Assertion failed: Engine [File:..\..\Engine\Inc\UnEngineWin.h] [Line: 1167]
Log: appRequestExit(1)
Uninitialized: Log file closed, 12/02/24 20:04:16
