Log file open, 12/23/24 01:41:51
----------------------------Core - Release----------------------------
---------------------------Engine - Release---------------------------
----------------------------Fire - Release----------------------------
---------------------------Editor - Release---------------------------
--------------------------UnrealEd - Release--------------------------
---------------------------IpDrv - Release----------------------------
----------------------------UWeb - Release----------------------------
--------------------------GamePlay - Release--------------------------
-------------------------UnrealGame - Release-------------------------
--------------------------XGame_rc - Release--------------------------
--------------------------XEffects - Release--------------------------
------------------------XWeapons_rc - Release-------------------------
------------------------XPickups_rc - Release-------------------------
--------------------------XPickups - Release--------------------------
---------------------------XGame - Release----------------------------
--------------------------XWeapons - Release--------------------------
-------------------------XInterface - Release-------------------------
---------------------------XAdmin - Release---------------------------
-------------------------XWebAdmin - Release--------------------------
--------------------------Vehicles - Release--------------------------
-------------------------BonusPack - Release--------------------------
-----------------------SkaarjPack_rc - Release------------------------
-------------------------SkaarjPack - Release-------------------------
-------------------------UTClassic - Release--------------------------
------------------------UT2k4Assault - Release------------------------
-------------------------Onslaught - Release--------------------------
---------------------------GUI2K4 - Release---------------------------
----------------------UT2k4AssaultFull - Release----------------------
-----------------------OnslaughtFull - Release------------------------
--------------------------xVoting - Release---------------------------
------------------------StreamlineFX - Release------------------------
--------------------------UTV2004c - Release--------------------------
--------------------------UTV2004s - Release--------------------------
--------------------------tk_BaseM - Release--------------------------
-----------------------LumpysInvasion - Release-----------------------
-------------------------LumpysRPG - Release--------------------------
------------------------LumpyJumping - Release------------------------
Analyzing...
Parsing MutLumpyJumping
Parsing LumpyJumpingPawn
Parsing LumpyJumpingPlayer
Compiling MutLumpyJumping
Compiling LumpyJumpingPawn
Compiling LumpyJumpingPlayer
Importing Defaults for MutLumpyJumping
Importing Defaults for LumpyJumpingPawn
Importing Defaults for LumpyJumpingPlayer
--------------------------tK_BaseW - Release--------------------------
-----------------------tk_FHIWeapons - Release------------------------
------------------------tk_ZenCoders - Release------------------------
--------------------tk_RainbowShockRifle - Release--------------------
------------------------tk_MagicWand - Release------------------------
--------------------------tk_AK47 - Release---------------------------
-------------------------tk_LilLady - Release-------------------------
---------------------tk_HolyHandGrenade - Release---------------------
Mutator exported successfully: LumpyJumping.MutLumpyJumping
Success - 0 error(s), 0 warning(s)
Log file closed, 12/23/24 01:41:53
