Log: Log file open, 12/24/24 11:44:11
Init: Name subsystem initialized
Init: Detected: Microsoft Windows NT 6.2 (Build: 9200)
Init: Version: 3369 (128.29)
Init: Compiled: Dec  5 2005 03:55:07
Init: Command line: 
Init: (This is Win64 patch version 3369.0)
Init: Character set: Unicode
Init: Base directory: G:\LumpysInvasionServer\UT2004\LumpysInvasionServer-1.0\System\
Init: Ini:UT2004.ini   UserIni:User.ini
Init: Build label:  Build UT2004_Build_[2005-11-23_16.22]
Init: Object subsystem initialized
Log: =======================================
Log: ucc.exe: UnrealOS execution environment
Log: Copyright 2001 Epic Games Inc
Log: =======================================
Log: 
Log: Use "ucc help" for help
Exit: Preparing to exit.
Log: Purging garbage
Log: Garbage: objects: 632->0; refs: 0
Exit: Object subsystem successfully closed.
Exit: Exiting.
Log: FileManager: Reading 0 GByte 0 MByte 493 KByte 84 Bytes from HD took 0.002000 seconds (0.002000 reading, 0.000000 seeking).
Log: FileManager: 0.012000 seconds spent with misc. duties
Uninitialized: Name subsystem shut down
Uninitialized: Allocation checking disabled
Uninitialized: Log file closed, 12/24/24 11:44:12
