Log: Log file open, 12/02/24 08:19:32
Init: Name subsystem initialized
Init: Detected: Microsoft Windows NT 6.2 (Build: 9200)
Init: Version: 3369 (128.29)
Init: Compiled: Nov 23 2005 16:23:34
Init: Command line: ini=ucc_comp.ini
Init: Character set: Unicode
Init: Base directory: G:\RPGTest1\UT2004\System\
Init: Ini:ucc_comp.ini   UserIni:User.ini
Init: Build label:  Build UT2004_Build_[2005-11-23_16.22]
Init: Object subsystem initialized
Log: Executing Class Editor.MakeCommandlet
Heading: ----------------------------Core - Release----------------------------
Heading: ---------------------------Engine - Release---------------------------
Heading: ----------------------------Fire - Release----------------------------
Heading: ---------------------------Editor - Release---------------------------
Heading: --------------------------UnrealEd - Release--------------------------
Heading: ---------------------------IpDrv - Release----------------------------
Heading: ----------------------------UWeb - Release----------------------------
Heading: --------------------------GamePlay - Release--------------------------
Heading: -------------------------UnrealGame - Release-------------------------
Heading: --------------------------XGame_rc - Release--------------------------
Heading: --------------------------XEffects - Release--------------------------
Heading: ------------------------XWeapons_rc - Release-------------------------
Heading: ------------------------XPickups_rc - Release-------------------------
Heading: --------------------------XPickups - Release--------------------------
Heading: ---------------------------XGame - Release----------------------------
Heading: --------------------------XWeapons - Release--------------------------
Heading: -------------------------XInterface - Release-------------------------
Heading: ---------------------------XAdmin - Release---------------------------
Heading: -------------------------XWebAdmin - Release--------------------------
Heading: --------------------------Vehicles - Release--------------------------
Heading: -------------------------BonusPack - Release--------------------------
Heading: -----------------------SkaarjPack_rc - Release------------------------
Heading: -------------------------SkaarjPack - Release-------------------------
Heading: -------------------------UTClassic - Release--------------------------
Heading: ------------------------UT2k4Assault - Release------------------------
Heading: -------------------------Onslaught - Release--------------------------
Heading: ---------------------------GUI2K4 - Release---------------------------
Heading: ----------------------UT2k4AssaultFull - Release----------------------
Heading: -----------------------OnslaughtFull - Release------------------------
Heading: --------------------------xVoting - Release---------------------------
Heading: ------------------------StreamlineFX - Release------------------------
Heading: --------------------------UTV2004c - Release--------------------------
Heading: --------------------------UTV2004s - Release--------------------------
Heading: -----------------------LumpysInvasion - Release-----------------------
Warning: Failed to load 'LumpysInvasion.u': Can't find file 'LumpysInvasion.u'
Warning: Failed loading package: Can't find file 'LumpysInvasion.u'
Log: Analyzing...
Log: FactoryCreateText: Class with ClassFactoryUC (0 1 ..\LumpysInvasion\Classes\LumpysInvasion.uc)
Log: Class: LumpysInvasion extends Invasion
Log: Imported: Class LumpysInvasion.LumpysInvasion
Log: FactoryCreateText: Class with ClassFactoryUC (0 1 ..\LumpysInvasion\Classes\LumpysInvasionGameReplicationInfo.uc)
Log: Class: LumpysInvasionGameReplicationInfo extends InvasionGameReplicationInfo
Log: Imported: Class LumpysInvasion.LumpysInvasionGameReplicationInfo
Log: FactoryCreateText: Class with ClassFactoryUC (0 1 ..\LumpysInvasion\Classes\LumpysInvasionHUD.uc)
Log: Class: LumpysInvasionHUD extends HUDInvasion
Log: Imported: Class LumpysInvasion.LumpysInvasionHUD
Log: FactoryCreateText: Class with ClassFactoryUC (0 1 ..\LumpysInvasion\Classes\LumpysInvasionWaveHandler.uc)
Log: Class: LumpysInvasionWaveHandler extends Actor
Log: Imported: Class LumpysInvasion.LumpysInvasionWaveHandler
Log: FactoryCreateText: Class with ClassFactoryUC (0 1 ..\LumpysInvasion\Classes\LumpysInvasionWaveMessage.uc)
Log: Class: LumpysInvasionWaveMessage extends CriticalEventPlus
Log: Imported: Class LumpysInvasion.LumpysInvasionWaveMessage
Log: FactoryCreateText: Class with ClassFactoryUC (0 1 ..\LumpysInvasion\Classes\MapListLumpysInvasion.uc)
Log: Class: MapListLumpysInvasion extends MapList
Log: Imported: Class LumpysInvasion.MapListLumpysInvasion
Log: Parsing LumpysInvasionGameReplicationInfo
Log: Parsing LumpysInvasion
Log: Parsing LumpysInvasionWaveMessage
Log: Parsing MapListLumpysInvasion
Log: Parsing LumpysInvasionHUD
Log: Parsing LumpysInvasionWaveHandler
Log: Compiling LumpysInvasionGameReplicationInfo
Log: Compiling LumpysInvasion
Log: Compiling LumpysInvasionWaveMessage
Log: Compiling MapListLumpysInvasion
Log: Compiling LumpysInvasionHUD
Log: Compiling LumpysInvasionWaveHandler
Log: Importing Defaults for LumpysInvasionGameReplicationInfo
Log: Importing Defaults for LumpysInvasion
Log: Importing Defaults for LumpysInvasionWaveMessage
Log: Importing Defaults for MapListLumpysInvasion
Log: Importing Defaults for LumpysInvasionHUD
Log: Importing Defaults for LumpysInvasionWaveHandler
Log: Success: Compiled 799 line(s), 75 statement(s).

Log: Save=9.602262
Log: Moving 'Save.tmp' to 'LumpysInvasion.u'
Heading: -------------------------LumpysRPG - Release--------------------------
Heading: --------------------------tK_BaseW - Release--------------------------
Heading: -----------------------tk_FHIWeapons - Release------------------------
Heading: ------------------------tk_ZenCoders - Release------------------------
Heading: --------------------tk_RainbowShockRifle - Release--------------------
Heading: ------------------------tk_MagicWand - Release------------------------
Heading: --------------------------tk_AK47 - Release---------------------------
Heading: -------------------------tk_LilLady - Release-------------------------
Heading: ---------------------tk_HolyHandGrenade - Release---------------------
Heading: -----------------------lumpysinvasion - Release-----------------------
Log: Game exported successfully: LumpysInvasion.LumpysInvasion
Log: Success - 0 error(s), 0 warning(s)
Exit: Preparing to exit.
Log: Purging garbage
Log: Unbound to Core.dll
Log: Unbound to Editor.dll
Log: Unbound to Engine.dll
Exit: Editor shut down
Log: Unbound to Fire.dll
Log: Unbound to IpDrv.dll
Log: Unbound to UWeb.dll
Log: Unbound to XGame.dll
Log: Unbound to XInterface.dll
Log: Unbound to Onslaught.dll
Log: Garbage: objects: 81042->0; refs: 0
Exit: Object subsystem successfully closed.
Exit: Exiting.
Log: FileManager: Reading 0 GByte 122 MByte 670 KByte 642 Bytes from HD took 0.434999 seconds (0.360999 reading, 0.074000 seeking).
Log: FileManager: 0.070000 seconds spent with misc. duties
Uninitialized: Name subsystem shut down
Uninitialized: Allocation checking disabled
Uninitialized: Log file closed, 12/02/24 08:19:35
