Log: Log file open, 12/24/24 03:32:08
Init: Name subsystem initialized
Init: Detected: Microsoft Windows NT 6.2 (Build: 9200)
Init: Version: 3369 (128.29)
Init: Compiled: Nov 23 2005 16:23:34
Init: Command line: 
Init: Character set: Unicode
Init: Base directory: G:\LumpysInvasionServer\UT2004\LumpysInvasionServer-1.0\System\
Init: Ini:UT2004.ini   UserIni:User.ini
Init: Build label:  Build UT2004_Build_[2005-11-23_16.22]
Init: Object subsystem initialized
Log: Initializing OpenGLDrv...
Log: Game class is 'GameInfo'
Log: Bringing Level Entry.myLevel up for play (0) appSeconds: 1.899000...
ScriptLog: GameInfo::InitGame : bEnableStatLogging True
Log: Browse: NvidiaLogo.ut2?Name=Lumps?Class=Engine.Pawn?Character=Kragoth?team=255?SpectatorOnly=1?Sex=M
Log: Collecting garbage
Log: Purging garbage
Log: Garbage: objects: 27933->27933; refs: 284015
Log: Game class is 'CinematicGame'
Log: Bringing Level NvidiaLogo.myLevel up for play (0) appSeconds: 2.289000...
Log: (Karma): Autodetecting CPU for SSE
Log: (Karma): Using SSE Optimizations
ScriptLog: GameInfo::InitGame : bEnableStatLogging True
Log: ALAudio: Using DirectSound to record audio.
ScriptLog: New Player Lumps id=ee5ca7064cd04fc3da40cff9e0e8976d
Localization: No localization: UDebugger.General.Product (int)
Localization: No localization: UDebugger.General.Product (int)
Localization: No localization: UDebugger.General.Product (int)
Localization: No localization: UDebugger.General.Product (int)
Log: Opened viewport
Log: Enter SetRes: 1920x1080 Fullscreen 1
Log: Using pixel format 9
Log: GL_VENDOR     : NVIDIA Corporation
Log: GL_RENDERER   : NVIDIA GeForce RTX 2070 SUPER/PCIe/SSE2
Log: GL_VERSION    : 4.6.0 NVIDIA 566.14
Log: OpenGL: Device supports: GL
Log: OpenGL: Device supports: GL_EXT_bgra
Log: OpenGL: Device supports: GL_ARB_texture_compression
Log: OpenGL: Device supports: GL_EXT_texture_compression_s3tc
Log: OpenGL: Device supports: GL_ARB_texture_cube_map
Log: OpenGL: Device supports: GL_ARB_texture_env_combine
Log: OpenGL: Device supports: GL_NV_texture_env_combine4
Log: OpenGL: Device supports: GL_ARB_texture_env_crossbar
Log: OpenGL: Device supports: GL_EXT_texture_lod_bias
Log: OpenGL: Device supports: GL_ARB_multitexture
Log: OpenGL: Device supports: GL_NV_vertex_array_range
Log: OpenGL: Device supports: GL_NV_vertex_array_range2
Log: OpenGL: Device supports: GL_ARB_multisample
Log: OpenGL: Device supports: GL_NV_multisample_filter_hint
Log: OpenGL: Device supports: GL_EXT_texture_filter_anisotropic
Log: OpenGL: Device supports: WGL_EXT_swap_control
Log: OpenGL: Device supports: GL_ARB_vertex_buffer_object
Log: OpenGL: Device supports: GL_ARB_fragment_program
Log: OpenGL: Device supports: GL_ARB_vertex_program
Log: OpenGL: Device supports: GL_EXT_framebuffer_object
Log: OpenGL: C32 RGB888 Z24 S0
Log: OpenGL: Level of anisotropy is 1.000000 (max 16.000000).
Log: OpenGL: Forcibly disabled pixel shaders.
Log: OpenGL: Forcibly disabled render-to-texture.
Log: OpenGL: allocated 32 MByte of AGP memory
Log: Startup time: 1.872000 seconds
Log: CALLSTACK DUMP - SOMETHING BAD HAPPENED  STACKDEPTH: 0 !
Critical: Received call to UpdateStack with CallStack depth of 0.  Verify that all packages have been compiled in debug mode.
Critical: Windows GetLastError: The operation completed successfully. (0)
Exit: Executing UObject::StaticShutdownAfterError
Exit: Executing UWindowsClient::ShutdownAfterError
Log: Waiting for file streaming thread to finish...
Exit: OpenAL Audio subsystem shut down.
Critical: UDebuggerCore::FCallStack::UpdateStack
Critical: UDebuggerCore::DebugInfo
Critical: UObject::ProcessEvent
Critical: (SceneManager NvidiaLogo.SceneManager0, Function Engine.SceneManager.SceneStarted)
Critical: ASceneManager::SceneStarted
Critical: ASceneManager::Tick
Critical: TickAllActors
Critical: ULevel::Tick
Critical: (NetMode=0)
Critical: TickLevel
Critical: UGameEngine::Tick
Critical: Level Untitled
Critical: UpdateWorld
Critical: MainLoop
Exit: Exiting.
Log: FileManager: Reading 0 GByte 191 MByte 68 KByte 659 Bytes from HD took 0.630998 seconds (0.526998 reading, 0.104000 seeking).
Log: FileManager: 0.228000 seconds spent with misc. duties
Uninitialized: Name subsystem shut down
Uninitialized: Log file closed, 12/24/24 03:32:19
